<?xml version="1.0" encoding="UTF-8"?>
<testng-results ignored="0" total="9" passed="9" failed="0" skipped="0">
  <reporter-output>
  </reporter-output>
  <suite started-at="2025-07-13T10:50:32 IST" name="ElPais CrossBrowser Suite" finished-at="2025-07-13T10:52:20 IST" duration-ms="108037">
    <groups>
    </groups>
    <test started-at="2025-07-13T10:50:32 IST" name="Chrome Test-2" finished-at="2025-07-13T10:51:00 IST" duration-ms="28388">
      <class name="Test1">
        <test-method is-config="true" signature="setUp(java.lang.String)[pri:0, instance:Test1@6a4ccef7]" started-at="2025-07-13T10:50:32 IST" name="setUp" finished-at="2025-07-13T10:50:38 IST" duration-ms="6485" status="PASS">
          <params>
            <param index="0">
              <value>
                <![CDATA[Chrome]]>
              </value>
            </param>
          </params>
          <reporter-output>
          </reporter-output>
        </test-method> <!-- setUp -->
        <test-method signature="runTest()[pri:0, instance:Test1@6a4ccef7]" started-at="2025-07-13T10:50:38 IST" name="runTest" finished-at="2025-07-13T10:50:58 IST" duration-ms="19706" status="PASS">
          <reporter-output>
          </reporter-output>
        </test-method> <!-- runTest -->
        <test-method is-config="true" signature="tearDown()[pri:0, instance:Test1@6a4ccef7]" started-at="2025-07-13T10:51:00 IST" name="tearDown" finished-at="2025-07-13T10:51:00 IST" duration-ms="9" status="PASS">
          <reporter-output>
          </reporter-output>
        </test-method> <!-- tearDown -->
      </class> <!-- Test1 -->
    </test> <!-- Chrome Test-2 -->
    <test started-at="2025-07-13T10:50:32 IST" name="Chrome Test-0" finished-at="2025-07-13T10:51:08 IST" duration-ms="35948">
      <class name="Test1">
        <test-method is-config="true" signature="setUp(java.lang.String)[pri:0, instance:Test1@2042ccce]" started-at="2025-07-13T10:50:32 IST" name="setUp" finished-at="2025-07-13T10:50:39 IST" duration-ms="7085" status="PASS">
          <params>
            <param index="0">
              <value>
                <![CDATA[Chrome]]>
              </value>
            </param>
          </params>
          <reporter-output>
          </reporter-output>
        </test-method> <!-- setUp -->
        <test-method signature="runTest()[pri:0, instance:Test1@2042ccce]" started-at="2025-07-13T10:50:39 IST" name="runTest" finished-at="2025-07-13T10:51:06 IST" duration-ms="26655" status="PASS">
          <reporter-output>
          </reporter-output>
        </test-method> <!-- runTest -->
        <test-method is-config="true" signature="tearDown()[pri:0, instance:Test1@2042ccce]" started-at="2025-07-13T10:51:08 IST" name="tearDown" finished-at="2025-07-13T10:51:08 IST" duration-ms="12" status="PASS">
          <reporter-output>
          </reporter-output>
        </test-method> <!-- tearDown -->
      </class> <!-- Test1 -->
    </test> <!-- Chrome Test-0 -->
    <test started-at="2025-07-13T10:50:32 IST" name="Chrome Test-1" finished-at="2025-07-13T10:51:15 IST" duration-ms="42881">
      <class name="Test1">
        <test-method is-config="true" signature="setUp(java.lang.String)[pri:0, instance:Test1@7e744f43]" started-at="2025-07-13T10:50:32 IST" name="setUp" finished-at="2025-07-13T10:50:51 IST" duration-ms="18638" status="PASS">
          <params>
            <param index="0">
              <value>
                <![CDATA[Chrome]]>
              </value>
            </param>
          </params>
          <reporter-output>
          </reporter-output>
        </test-method> <!-- setUp -->
        <test-method signature="runTest()[pri:0, instance:Test1@7e744f43]" started-at="2025-07-13T10:50:51 IST" name="runTest" finished-at="2025-07-13T10:51:12 IST" duration-ms="21655" status="PASS">
          <reporter-output>
          </reporter-output>
        </test-method> <!-- runTest -->
        <test-method is-config="true" signature="tearDown()[pri:0, instance:Test1@7e744f43]" started-at="2025-07-13T10:51:15 IST" name="tearDown" finished-at="2025-07-13T10:51:15 IST" duration-ms="9" status="PASS">
          <reporter-output>
          </reporter-output>
        </test-method> <!-- tearDown -->
      </class> <!-- Test1 -->
    </test> <!-- Chrome Test-1 -->
    <test started-at="2025-07-13T10:51:02 IST" name="SafariTest-0" finished-at="2025-07-13T10:51:37 IST" duration-ms="34865">
      <class name="Test1">
        <test-method is-config="true" signature="setUp(java.lang.String)[pri:0, instance:Test1@64b3b1ce]" started-at="2025-07-13T10:51:02 IST" name="setUp" finished-at="2025-07-13T10:51:09 IST" duration-ms="6843" status="PASS">
          <params>
            <param index="0">
              <value>
                <![CDATA[Safari]]>
              </value>
            </param>
          </params>
          <reporter-output>
          </reporter-output>
        </test-method> <!-- setUp -->
        <test-method signature="runTest()[pri:0, instance:Test1@64b3b1ce]" started-at="2025-07-13T10:51:09 IST" name="runTest" finished-at="2025-07-13T10:51:35 IST" duration-ms="26278" status="PASS">
          <reporter-output>
          </reporter-output>
        </test-method> <!-- runTest -->
        <test-method is-config="true" signature="tearDown()[pri:0, instance:Test1@64b3b1ce]" started-at="2025-07-13T10:51:37 IST" name="tearDown" finished-at="2025-07-13T10:51:37 IST" duration-ms="5" status="PASS">
          <reporter-output>
          </reporter-output>
        </test-method> <!-- tearDown -->
      </class> <!-- Test1 -->
    </test> <!-- SafariTest-0 -->
    <test started-at="2025-07-13T10:51:15 IST" name="SafariTest-2" finished-at="2025-07-13T10:51:39 IST" duration-ms="23569">
      <class name="Test1">
        <test-method is-config="true" signature="setUp(java.lang.String)[pri:0, instance:Test1@3a22bad6]" started-at="2025-07-13T10:51:15 IST" name="setUp" finished-at="2025-07-13T10:51:21 IST" duration-ms="6384" status="PASS">
          <params>
            <param index="0">
              <value>
                <![CDATA[Safari]]>
              </value>
            </param>
          </params>
          <reporter-output>
          </reporter-output>
        </test-method> <!-- setUp -->
        <test-method signature="runTest()[pri:0, instance:Test1@3a22bad6]" started-at="2025-07-13T10:51:21 IST" name="runTest" finished-at="2025-07-13T10:51:37 IST" duration-ms="15390" status="PASS">
          <reporter-output>
          </reporter-output>
        </test-method> <!-- runTest -->
        <test-method is-config="true" signature="tearDown()[pri:0, instance:Test1@3a22bad6]" started-at="2025-07-13T10:51:39 IST" name="tearDown" finished-at="2025-07-13T10:51:39 IST" duration-ms="12" status="PASS">
          <reporter-output>
          </reporter-output>
        </test-method> <!-- tearDown -->
      </class> <!-- Test1 -->
    </test> <!-- SafariTest-2 -->
    <test started-at="2025-07-13T10:51:08 IST" name="SafariTest-1" finished-at="2025-07-13T10:51:49 IST" duration-ms="40824">
      <class name="Test1">
        <test-method is-config="true" signature="setUp(java.lang.String)[pri:0, instance:Test1@26b95b0b]" started-at="2025-07-13T10:51:08 IST" name="setUp" finished-at="2025-07-13T10:51:26 IST" duration-ms="17995" status="PASS">
          <params>
            <param index="0">
              <value>
                <![CDATA[Safari]]>
              </value>
            </param>
          </params>
          <reporter-output>
          </reporter-output>
        </test-method> <!-- setUp -->
        <test-method signature="runTest()[pri:0, instance:Test1@26b95b0b]" started-at="2025-07-13T10:51:26 IST" name="runTest" finished-at="2025-07-13T10:51:47 IST" duration-ms="21152" status="PASS">
          <reporter-output>
          </reporter-output>
        </test-method> <!-- runTest -->
        <test-method is-config="true" signature="tearDown()[pri:0, instance:Test1@26b95b0b]" started-at="2025-07-13T10:51:49 IST" name="tearDown" finished-at="2025-07-13T10:51:49 IST" duration-ms="13" status="PASS">
          <reporter-output>
          </reporter-output>
        </test-method> <!-- tearDown -->
      </class> <!-- Test1 -->
    </test> <!-- SafariTest-1 -->
    <test started-at="2025-07-13T10:51:37 IST" name="iPhone 14 Test-0" finished-at="2025-07-13T10:52:13 IST" duration-ms="35970">
      <class name="Test1">
        <test-method is-config="true" signature="setUp(java.lang.String)[pri:0, instance:Test1@70cccd8f]" started-at="2025-07-13T10:51:37 IST" name="setUp" finished-at="2025-07-13T10:51:46 IST" duration-ms="9099" status="PASS">
          <params>
            <param index="0">
              <value>
                <![CDATA[iPhone 14]]>
              </value>
            </param>
          </params>
          <reporter-output>
          </reporter-output>
        </test-method> <!-- setUp -->
        <test-method signature="runTest()[pri:0, instance:Test1@70cccd8f]" started-at="2025-07-13T10:51:46 IST" name="runTest" finished-at="2025-07-13T10:52:11 IST" duration-ms="24928" status="PASS">
          <reporter-output>
          </reporter-output>
        </test-method> <!-- runTest -->
        <test-method is-config="true" signature="tearDown()[pri:0, instance:Test1@70cccd8f]" started-at="2025-07-13T10:52:13 IST" name="tearDown" finished-at="2025-07-13T10:52:13 IST" duration-ms="13" status="PASS">
          <reporter-output>
          </reporter-output>
        </test-method> <!-- tearDown -->
      </class> <!-- Test1 -->
    </test> <!-- iPhone 14 Test-0 -->
    <test started-at="2025-07-13T10:51:49 IST" name="iPhone 14 Test-2" finished-at="2025-07-13T10:52:17 IST" duration-ms="27935">
      <class name="Test1">
        <test-method is-config="true" signature="setUp(java.lang.String)[pri:0, instance:Test1@36bf84e]" started-at="2025-07-13T10:51:49 IST" name="setUp" finished-at="2025-07-13T10:51:55 IST" duration-ms="6485" status="PASS">
          <params>
            <param index="0">
              <value>
                <![CDATA[iPhone 14]]>
              </value>
            </param>
          </params>
          <reporter-output>
          </reporter-output>
        </test-method> <!-- setUp -->
        <test-method signature="runTest()[pri:0, instance:Test1@36bf84e]" started-at="2025-07-13T10:51:55 IST" name="runTest" finished-at="2025-07-13T10:52:14 IST" duration-ms="18436" status="PASS">
          <reporter-output>
          </reporter-output>
        </test-method> <!-- runTest -->
        <test-method is-config="true" signature="tearDown()[pri:0, instance:Test1@36bf84e]" started-at="2025-07-13T10:52:17 IST" name="tearDown" finished-at="2025-07-13T10:52:17 IST" duration-ms="30" status="PASS">
          <reporter-output>
          </reporter-output>
        </test-method> <!-- tearDown -->
      </class> <!-- Test1 -->
    </test> <!-- iPhone 14 Test-2 -->
    <test started-at="2025-07-13T10:51:39 IST" name="iPhone 14 Test-1" finished-at="2025-07-13T10:52:20 IST" duration-ms="41253">
      <class name="Test1">
        <test-method is-config="true" signature="setUp(java.lang.String)[pri:0, instance:Test1@67efd2c2]" started-at="2025-07-13T10:51:39 IST" name="setUp" finished-at="2025-07-13T10:51:57 IST" duration-ms="17951" status="PASS">
          <params>
            <param index="0">
              <value>
                <![CDATA[iPhone 14]]>
              </value>
            </param>
          </params>
          <reporter-output>
          </reporter-output>
        </test-method> <!-- setUp -->
        <test-method signature="runTest()[pri:0, instance:Test1@67efd2c2]" started-at="2025-07-13T10:51:57 IST" name="runTest" finished-at="2025-07-13T10:52:17 IST" duration-ms="20730" status="PASS">
          <reporter-output>
          </reporter-output>
        </test-method> <!-- runTest -->
        <test-method is-config="true" signature="tearDown()[pri:0, instance:Test1@67efd2c2]" started-at="2025-07-13T10:52:20 IST" name="tearDown" finished-at="2025-07-13T10:52:20 IST" duration-ms="5" status="PASS">
          <reporter-output>
          </reporter-output>
        </test-method> <!-- tearDown -->
      </class> <!-- Test1 -->
    </test> <!-- iPhone 14 Test-1 -->
  </suite> <!-- ElPais CrossBrowser Suite -->
</testng-results>
