<?xml version="1.0" encoding="UTF-8"?>
<testsuite xmlns:xsi="http://www.w3.org/2001/XMLSchema-instance" xsi:noNamespaceSchemaLocation="https://maven.apache.org/surefire/maven-surefire-plugin/xsd/surefire-test-report-3.0.xsd" version="3.0" name="TestSuite" time="108.174" tests="9" errors="0" skipped="0" failures="0">
  <properties>
[...]
</properties>
  <testcase name="runTest" classname="Test1" time="9.712">
    <system-out><![CDATA[Article 1
Original: Vox manipula la inmigración
Translated: Vox manipulates immigration
Content: La narrativa xenófoba de los ultras da un paso más en su radicalización y esgrime teorías conspirativas para justificar deportaciones masivas
-----------------------------------
Article 2
Original: Abascal come palomitas
Translated: Abascal eats popcorn
Content: El líder de Vox hoy no tiene prisa ni le hace falta extremar su retórica. Nadie suma más que él
-----------------------------------
Article 3
Original: Embajada a Calígula
Translated: Embassy to Caligula
Content: Observar algunas actitudes de sumisión europeas ante Trump evocan  trato que recibía  el célebre emperador romano
-----------------------------------
Article 4
Original: La oposición a Trump busca equilibrio
Translated: The opposition to Trump seeks balance
Content: Los abusos del presidente pueden cambiar la tendencia de voto y los demócratas deben canalizarla
-----------------------------------
Article 5
Original: Tiempos muertos
Translated: Timeouts
Content: Todos los días miles de habitantes del Estado de México recorren largos trayectos en transporte público, alrededor de cuatro horas diarias, para llegar a sus lugares de estudio, trabajo o para obtener algún servicio en la Ciudad de México, lo que forma parte del fenómeno social conocido como población flotante. Es decir, aquellas personas que habitan un territorio pero que se tienen que desplazar diariamente a otro. Yo formo parte de esta población, por lo que desde hace algunos años comencé a documentar mis trayectos de Ciudad Neza a la Ciudad de México.
-----------------------------------
Repeated Words in Translated Headers:
]]></system-out>
    <system-err><![CDATA[SLF4J: Failed to load class "org.slf4j.impl.StaticLoggerBinder".
SLF4J: Defaulting to no-operation (NOP) logger implementation
SLF4J: See http://www.slf4j.org/codes.html#StaticLoggerBinder for further details.
Jul 13, 2025 10:50:32 AM org.openqa.selenium.remote.tracing.opentelemetry.OpenTelemetryTracer createTracer
INFO: Using OpenTelemetry for tracing
]]></system-err>
  </testcase>
  <testcase name="runTest" classname="Test1" time="17.268">
    <system-out><![CDATA[Article 1
Original: Vox manipula la inmigración
Translated: Vox manipulates immigration
Content: La narrativa xenófoba de los ultras da un paso más en su radicalización y esgrime teorías conspirativas para justificar deportaciones masivas
-----------------------------------
Article 2
Original: Abascal come palomitas
Translated: Abascal eats popcorn
Content: El líder de Vox hoy no tiene prisa ni le hace falta extremar su retórica. Nadie suma más que él
-----------------------------------
Article 3
Original: Embajada a Calígula
Translated: Embassy to Caligula
Content: Observar algunas actitudes de sumisión europeas ante Trump evocan trato que recibía el célebre emperador romano
-----------------------------------
Article 4
Original: La oposición a Trump busca equilibrio
Translated: The opposition to Trump seeks balance
Content: Los abusos del presidente pueden cambiar la tendencia de voto y los demócratas deben canalizarla
-----------------------------------
Article 5
Original: 
Translated: 
Content: 
-----------------------------------
Repeated Words in Translated Headers:
]]></system-out>
  </testcase>
  <testcase name="runTest" classname="Test1" time="5.878">
    <system-out><![CDATA[Article 1
Original: Vox manipula la inmigración
Translated: Vox manipulates immigration
Content: La narrativa xenófoba de los ultras da un paso más en su radicalización y esgrime teorías conspirativas para justificar deportaciones masivas
-----------------------------------
Article 2
Original: Abascal come palomitas
Translated: Abascal eats popcorn
Content: El líder de Vox hoy no tiene prisa ni le hace falta extremar su retórica. Nadie suma más que él
-----------------------------------
Article 3
Original: Embajada a Calígula
Translated: Embassy to Caligula
Content: Observar algunas actitudes de sumisión europeas ante Trump evocan trato que recibía el célebre emperador romano
-----------------------------------
Article 4
Original: 
Translated: 
Content: Los abusos del presidente pueden cambiar la tendencia de voto y los demócratas deben canalizarla
-----------------------------------
Article 5
Original: 
Translated: 
Content: 
-----------------------------------
Repeated Words in Translated Headers:
]]></system-out>
  </testcase>
  <testcase name="runTest" classname="Test1" time="10.709">
    <system-out><![CDATA[Article 1
Original: Vox manipula la inmigración
Translated: Vox manipulates immigration
Content: La narrativa xenófoba de los ultras da un paso más en su radicalización y esgrime teorías conspirativas para justificar deportaciones masivas
-----------------------------------
Article 2
Original: Abascal come palomitas
Translated: Abascal eats popcorn
Content: El líder de Vox hoy no tiene prisa ni le hace falta extremar su retórica. Nadie suma más que él
-----------------------------------
Article 3
Original: Embajada a Calígula
Translated: Embassy to Caligula
Content: Observar algunas actitudes de sumisión europeas ante Trump evocan trato que recibía el célebre emperador romano
-----------------------------------
Article 4
Original: La oposición a Trump busca equilibrio
Translated: The opposition to Trump seeks balance
Content: Los abusos del presidente pueden cambiar la tendencia de voto y los demócratas deben canalizarla
-----------------------------------
Article 5
Original: 
Translated: 
Content: 
-----------------------------------
Repeated Words in Translated Headers:
Article 1
Original: Vox manipula la inmigración
Translated: Vox manipulates immigration
Content: La narrativa xenófoba de los ultras da un paso más en su radicalización y esgrime teorías conspirativas para justificar deportaciones masivas
-----------------------------------
Article 2
Original: Abascal come palomitas
Translated: Abascal eats popcorn
Content: El líder de Vox hoy no tiene prisa ni le hace falta extremar su retórica. Nadie suma más que él
-----------------------------------
Article 3
Original: Embajada a Calígula
Translated: Embassy to Caligula
Content: Observar algunas actitudes de sumisión europeas ante Trump evocan  trato que recibía  el célebre emperador romano
-----------------------------------
Article 4
Original: La oposición a Trump busca equilibrio
Translated: The opposition to Trump seeks balance
Content: Los abusos del presidente pueden cambiar la tendencia de voto y los demócratas deben canalizarla
-----------------------------------
Article 5
Original: Tiempos muertos
Translated: Timeouts
Content: Todos los días miles de habitantes del Estado de México recorren largos trayectos en transporte público, alrededor de cuatro horas diarias, para llegar a sus lugares de estudio, trabajo o para obtener algún servicio en la Ciudad de México, lo que forma parte del fenómeno social conocido como población flotante. Es decir, aquellas personas que habitan un territorio pero que se tienen que desplazar diariamente a otro. Yo formo parte de esta población, por lo que desde hace algunos años comencé a documentar mis trayectos de Ciudad Neza a la Ciudad de México.
-----------------------------------
Repeated Words in Translated Headers:
]]></system-out>
  </testcase>
  <testcase name="runTest" classname="Test1" time="12.485"/>
  <testcase name="runTest" classname="Test1" time="2.965">
    <system-out><![CDATA[Article 1
Original: Vox manipula la inmigración
Translated: Vox manipulates immigration
Content: La narrativa xenófoba de los ultras da un paso más en su radicalización y esgrime teorías conspirativas para justificar deportaciones masivas
-----------------------------------
Article 2
Original: Abascal come palomitas
Translated: Abascal eats popcorn
Content: El líder de Vox hoy no tiene prisa ni le hace falta extremar su retórica. Nadie suma más que él
-----------------------------------
Article 3
Original: Embajada a Calígula
Translated: Embassy to Caligula
Content: Observar algunas actitudes de sumisión europeas ante Trump evocan trato que recibía el célebre emperador romano
-----------------------------------
Article 4
Original: 
Translated: 
Content: Los abusos del presidente pueden cambiar la tendencia de voto y los demócratas deben canalizarla
-----------------------------------
Article 5
Original: 
Translated: 
Content: 
-----------------------------------
Repeated Words in Translated Headers:
]]></system-out>
  </testcase>
  <testcase name="runTest" classname="Test1" time="16.203">
    <system-out><![CDATA[Article 1
Original: Vox manipula la inmigración
Translated: Vox manipulates immigration
Content: La narrativa xenófoba de los ultras da un paso más en su radicalización y esgrime teorías conspirativas para justificar deportaciones masivas
-----------------------------------
Article 2
Original: Abascal come palomitas
Translated: Abascal eats popcorn
Content: El líder de Vox hoy no tiene prisa ni le hace falta extremar su retórica. Nadie suma más que él
-----------------------------------
Article 3
Original: Embajada a Calígula
Translated: Embassy to Caligula
Content: Observar algunas actitudes de sumisión europeas ante Trump evocan trato que recibía el célebre emperador romano
-----------------------------------
Article 4
Original: La oposición a Trump busca equilibrio
Translated: The opposition to Trump seeks balance
Content: Los abusos del presidente pueden cambiar la tendencia de voto y los demócratas deben canalizarla
-----------------------------------
Article 5
Original: 
Translated: 
Content: 
-----------------------------------
Repeated Words in Translated Headers:
Article 1
Original: Vox manipula la inmigración
Translated: Vox manipulates immigration
Content: La narrativa xenófoba de los ultras da un paso más en su radicalización y esgrime teorías conspirativas para justificar deportaciones masivas
-----------------------------------
Article 2
Original: Abascal come palomitas
Translated: Abascal eats popcorn
Content: El líder de Vox hoy no tiene prisa ni le hace falta extremar su retórica. Nadie suma más que él
-----------------------------------
Article 3
Original: Embajada a Calígula
Translated: Embassy to Caligula
Content: Observar algunas actitudes de sumisión europeas ante Trump evocan  trato que recibía  el célebre emperador romano
-----------------------------------
Article 4
Original: La oposición a Trump busca equilibrio
Translated: The opposition to Trump seeks balance
Content: Los abusos del presidente pueden cambiar la tendencia de voto y los demócratas deben canalizarla
-----------------------------------
Article 5
Original: Tiempos muertos
Translated: Timeouts
Content: Todos los días miles de habitantes del Estado de México recorren largos trayectos en transporte público, alrededor de cuatro horas diarias, para llegar a sus lugares de estudio, trabajo o para obtener algún servicio en la Ciudad de México, lo que forma parte del fenómeno social conocido como población flotante. Es decir, aquellas personas que habitan un territorio pero que se tienen que desplazar diariamente a otro. Yo formo parte de esta población, por lo que desde hace algunos años comencé a documentar mis trayectos de Ciudad Neza a la Ciudad de México.
-----------------------------------
Repeated Words in Translated Headers:
]]></system-out>
  </testcase>
  <testcase name="runTest" classname="Test1" time="20.244">
    <system-out><![CDATA[Article 1
Original: Vox manipula la inmigración
Translated: Vox manipulates immigration
Content: La narrativa xenófoba de los ultras da un paso más en su radicalización y esgrime teorías conspirativas para justificar deportaciones masivas
-----------------------------------
Article 2
Original: Abascal come palomitas
Translated: Abascal eats popcorn
Content: El líder de Vox hoy no tiene prisa ni le hace falta extremar su retórica. Nadie suma más que él
-----------------------------------
Article 3
Original: Embajada a Calígula
Translated: Embassy to Caligula
Content: Observar algunas actitudes de sumisión europeas ante Trump evocan trato que recibía el célebre emperador romano
-----------------------------------
Article 4
Original: 
Translated: 
Content: Los abusos del presidente pueden cambiar la tendencia de voto y los demócratas deben canalizarla
-----------------------------------
Article 5
Original: 
Translated: 
Content: 
-----------------------------------
Repeated Words in Translated Headers:
]]></system-out>
  </testcase>
  <testcase name="runTest" classname="Test1" time="23.281"/>
</testsuite>